Sat Jan 16 14:05:25 EST 2016
Sat Jan 16 14:05:32 EST 2016
Sat Jan 16 14:20:01 EST 2016
Sat Jan 16 14:40:01 EST 2016
Sat Jan 16 15:00:01 EST 2016
Sat Jan 16 15:20:01 EST 2016
Sat Jan 16 15:40:01 EST 2016
Sat Jan 16 16:00:01 EST 2016
Sat Jan 16 16:20:01 EST 2016
Sat Jan 16 16:40:01 EST 2016
Sat Jan 16 17:00:01 EST 2016
Sat Jan 16 17:20:01 EST 2016
Sat Jan 16 17:40:01 EST 2016
Sat Jan 16 18:00:01 EST 2016
Sat Jan 16 18:20:01 EST 2016
Sat Jan 16 18:40:01 EST 2016
Sat Jan 16 19:00:01 EST 2016
Sat Jan 16 19:20:01 EST 2016
Sat Jan 16 19:40:01 EST 2016
Sat Jan 16 20:00:01 EST 2016
Sat Jan 16 20:20:01 EST 2016
Sat Jan 16 20:40:01 EST 2016
Sat Jan 16 21:00:01 EST 2016
Sat Jan 16 21:20:01 EST 2016
Sat Jan 16 21:40:01 EST 2016
Sat Jan 16 22:00:01 EST 2016
Sat Jan 16 22:20:01 EST 2016
Sat Jan 16 22:40:01 EST 2016
Sat Jan 16 23:00:01 EST 2016
Sat Jan 16 23:20:01 EST 2016
Sat Jan 16 23:40:01 EST 2016
Sun Jan 17 00:00:01 EST 2016
Sun Jan 17 00:20:01 EST 2016
Sun Jan 17 00:40:01 EST 2016
Sun Jan 17 01:00:01 EST 2016
Sun Jan 17 01:20:01 EST 2016
Sun Jan 17 01:40:01 EST 2016
Sun Jan 17 02:00:01 EST 2016
Sun Jan 17 02:20:01 EST 2016
Sun Jan 17 02:40:01 EST 2016
Sun Jan 17 03:00:01 EST 2016
Sun Jan 17 03:20:01 EST 2016
Sun Jan 17 03:40:01 EST 2016
Sun Jan 17 04:00:01 EST 2016
Sun Jan 17 04:20:01 EST 2016
Sun Jan 17 04:40:01 EST 2016
Sun Jan 17 05:00:01 EST 2016
Sun Jan 17 05:20:01 EST 2016
Sun Jan 17 05:40:01 EST 2016
Sun Jan 17 06:00:01 EST 2016
Sun Jan 17 06:20:01 EST 2016
Sun Jan 17 06:40:01 EST 2016
Sun Jan 17 07:00:01 EST 2016
Sun Jan 17 07:20:01 EST 2016
Sun Jan 17 07:40:01 EST 2016
Sun Jan 17 08:00:01 EST 2016
Sun Jan 17 08:20:01 EST 2016
Sun Jan 17 08:40:01 EST 2016
Sun Jan 17 09:00:01 EST 2016
Sun Jan 17 09:20:01 EST 2016
Sun Jan 17 09:40:01 EST 2016
Sun Jan 17 10:00:01 EST 2016
Sun Jan 17 10:20:01 EST 2016
Sun Jan 17 10:40:01 EST 2016
Sun Jan 17 11:00:01 EST 2016
Sun Jan 17 11:20:01 EST 2016
Sun Jan 17 11:40:01 EST 2016
Sun Jan 17 12:00:01 EST 2016
Sun Jan 17 12:20:01 EST 2016
Sun Jan 17 12:40:01 EST 2016
Sun Jan 17 13:00:01 EST 2016
Sun Jan 17 13:20:02 EST 2016
Sun Jan 17 13:40:01 EST 2016
Sun Jan 17 14:00:01 EST 2016
Sun Jan 17 14:20:01 EST 2016
Sun Jan 17 14:40:01 EST 2016
Sun Jan 17 15:00:01 EST 2016
Sun Jan 17 15:20:01 EST 2016
Sun Jan 17 15:40:01 EST 2016
Sun Jan 17 16:00:01 EST 2016
Sun Jan 17 16:20:01 EST 2016
Sun Jan 17 16:40:01 EST 2016
Sun Jan 17 17:00:01 EST 2016
Sun Jan 17 17:20:02 EST 2016
Sun Jan 17 17:40:01 EST 2016
Sun Jan 17 18:00:01 EST 2016
Sun Jan 17 18:20:01 EST 2016
Sun Jan 17 18:40:01 EST 2016
Sun Jan 17 19:00:01 EST 2016
Sun Jan 17 19:20:01 EST 2016
Sun Jan 17 19:40:01 EST 2016
Sun Jan 17 20:00:01 EST 2016
Sun Jan 17 20:20:01 EST 2016
Sun Jan 17 20:40:01 EST 2016
Sun Jan 17 21:00:01 EST 2016
Sun Jan 17 21:20:01 EST 2016
Sun Jan 17 21:40:01 EST 2016
Sun Jan 17 22:00:01 EST 2016
Sun Jan 17 22:20:01 EST 2016
Sun Jan 17 22:40:01 EST 2016
Sun Jan 17 23:00:01 EST 2016
Sun Jan 17 23:20:01 EST 2016
Sun Jan 17 23:40:01 EST 2016
Mon Jan 18 00:00:01 EST 2016
Mon Jan 18 00:20:01 EST 2016
Mon Jan 18 00:40:01 EST 2016
Mon Jan 18 01:00:01 EST 2016
Mon Jan 18 01:20:01 EST 2016
Mon Jan 18 01:40:01 EST 2016
Mon Jan 18 02:00:01 EST 2016
Mon Jan 18 02:20:01 EST 2016
Mon Jan 18 02:40:01 EST 2016
Mon Jan 18 03:00:01 EST 2016
Mon Jan 18 03:20:01 EST 2016
Mon Jan 18 03:40:01 EST 2016
Mon Jan 18 04:00:01 EST 2016
Mon Jan 18 04:20:01 EST 2016
Mon Jan 18 04:40:01 EST 2016
Mon Jan 18 05:00:01 EST 2016
Mon Jan 18 05:20:01 EST 2016
Mon Jan 18 05:40:01 EST 2016
Mon Jan 18 06:00:01 EST 2016
Mon Jan 18 06:20:01 EST 2016
Mon Jan 18 06:40:01 EST 2016
Mon Jan 18 07:00:01 EST 2016
Mon Jan 18 07:20:01 EST 2016
Mon Jan 18 07:40:01 EST 2016
Mon Jan 18 08:00:01 EST 2016
Mon Jan 18 08:20:01 EST 2016
Mon Jan 18 08:40:01 EST 2016
Mon Jan 18 09:00:01 EST 2016
Mon Jan 18 09:20:01 EST 2016
Mon Jan 18 09:40:01 EST 2016
Mon Jan 18 10:00:01 EST 2016
Mon Jan 18 10:20:01 EST 2016
Mon Jan 18 10:40:01 EST 2016
Mon Jan 18 11:00:01 EST 2016
Mon Jan 18 11:20:01 EST 2016
Mon Jan 18 11:40:01 EST 2016
Mon Jan 18 12:00:01 EST 2016
Mon Jan 18 12:20:01 EST 2016
Mon Jan 18 12:40:01 EST 2016
Mon Jan 18 13:00:01 EST 2016
Mon Jan 18 13:20:01 EST 2016
Mon Jan 18 13:40:01 EST 2016
Mon Jan 18 14:00:01 EST 2016
Mon Jan 18 14:20:01 EST 2016
Mon Jan 18 14:40:01 EST 2016
Mon Jan 18 15:00:01 EST 2016
Mon Jan 18 15:20:01 EST 2016
Mon Jan 18 15:40:01 EST 2016
Mon Jan 18 16:00:01 EST 2016
Mon Jan 18 16:20:01 EST 2016
Mon Jan 18 16:40:01 EST 2016
Mon Jan 18 17:00:01 EST 2016
Mon Jan 18 17:20:01 EST 2016
Mon Jan 18 17:40:01 EST 2016
Mon Jan 18 18:00:01 EST 2016
Mon Jan 18 18:20:01 EST 2016
Mon Jan 18 18:40:01 EST 2016
Mon Jan 18 19:00:01 EST 2016
Mon Jan 18 19:20:01 EST 2016
Mon Jan 18 19:40:01 EST 2016
Mon Jan 18 20:00:01 EST 2016
Mon Jan 18 20:20:01 EST 2016
Mon Jan 18 20:40:01 EST 2016
Mon Jan 18 21:00:01 EST 2016
Mon Jan 18 21:20:01 EST 2016
Mon Jan 18 21:40:01 EST 2016
Mon Jan 18 22:00:01 EST 2016
Mon Jan 18 22:20:01 EST 2016
Mon Jan 18 22:40:01 EST 2016
Mon Jan 18 23:00:01 EST 2016
Mon Jan 18 23:20:01 EST 2016
Mon Jan 18 23:40:01 EST 2016
Tue Jan 19 00:00:01 EST 2016
Tue Jan 19 00:20:01 EST 2016
Tue Jan 19 00:40:01 EST 2016
Tue Jan 19 01:00:01 EST 2016
Tue Jan 19 01:20:01 EST 2016
Tue Jan 19 01:40:01 EST 2016
Tue Jan 19 02:00:01 EST 2016
Tue Jan 19 02:20:01 EST 2016
Tue Jan 19 02:40:01 EST 2016
Tue Jan 19 03:00:01 EST 2016
Tue Jan 19 03:20:01 EST 2016
Tue Jan 19 03:40:01 EST 2016
Tue Jan 19 04:00:01 EST 2016
Tue Jan 19 04:20:01 EST 2016
Tue Jan 19 04:40:01 EST 2016
Tue Jan 19 05:00:01 EST 2016
Tue Jan 19 05:20:01 EST 2016
Tue Jan 19 05:40:01 EST 2016
Tue Jan 19 06:00:01 EST 2016
Tue Jan 19 06:20:01 EST 2016
Tue Jan 19 06:40:01 EST 2016
Tue Jan 19 07:00:01 EST 2016
Tue Jan 19 07:20:01 EST 2016
Tue Jan 19 07:40:01 EST 2016
Tue Jan 19 08:00:01 EST 2016
Tue Jan 19 08:20:01 EST 2016
Tue Jan 19 08:40:01 EST 2016
Tue Jan 19 09:00:02 EST 2016
Tue Jan 19 09:20:01 EST 2016
Tue Jan 19 09:40:01 EST 2016
Tue Jan 19 10:00:01 EST 2016
Tue Jan 19 10:20:01 EST 2016
Tue Jan 19 10:40:01 EST 2016
Tue Jan 19 11:00:01 EST 2016
Tue Jan 19 11:20:01 EST 2016
Tue Jan 19 11:40:01 EST 2016
Tue Jan 19 12:00:01 EST 2016
Tue Jan 19 12:20:01 EST 2016
Tue Jan 19 12:40:01 EST 2016
Tue Jan 19 13:00:01 EST 2016
Tue Jan 19 13:20:01 EST 2016
Tue Jan 19 13:40:01 EST 2016
Tue Jan 19 14:00:01 EST 2016
Tue Jan 19 14:20:01 EST 2016
Tue Jan 19 14:40:01 EST 2016
Tue Jan 19 15:00:01 EST 2016
Tue Jan 19 15:20:01 EST 2016
Tue Jan 19 15:40:01 EST 2016
Tue Jan 19 16:00:01 EST 2016
Tue Jan 19 16:20:01 EST 2016
Tue Jan 19 16:40:01 EST 2016
Tue Jan 19 17:00:01 EST 2016
Tue Jan 19 17:20:01 EST 2016
Tue Jan 19 17:40:01 EST 2016
Tue Jan 19 18:00:01 EST 2016
Tue Jan 19 18:20:01 EST 2016
Tue Jan 19 18:40:01 EST 2016
Tue Jan 19 19:00:01 EST 2016
Tue Jan 19 19:20:01 EST 2016
Tue Jan 19 19:40:01 EST 2016
Tue Jan 19 20:00:01 EST 2016
Tue Jan 19 20:20:01 EST 2016
Tue Jan 19 20:40:01 EST 2016
Tue Jan 19 21:00:01 EST 2016
Tue Jan 19 21:20:01 EST 2016
Tue Jan 19 21:40:01 EST 2016
Tue Jan 19 22:00:01 EST 2016
Tue Jan 19 22:20:01 EST 2016
Tue Jan 19 22:40:01 EST 2016
Tue Jan 19 23:00:01 EST 2016
Tue Jan 19 23:20:01 EST 2016
Tue Jan 19 23:40:01 EST 2016
Wed Jan 20 00:00:01 EST 2016
Wed Jan 20 00:20:01 EST 2016
Wed Jan 20 00:40:01 EST 2016
Wed Jan 20 01:00:01 EST 2016
Wed Jan 20 01:20:01 EST 2016
Wed Jan 20 01:40:01 EST 2016
Wed Jan 20 02:00:01 EST 2016
Wed Jan 20 02:20:01 EST 2016
Wed Jan 20 02:40:01 EST 2016
Wed Jan 20 03:00:01 EST 2016
Wed Jan 20 03:20:01 EST 2016
Wed Jan 20 03:40:01 EST 2016
Wed Jan 20 04:00:01 EST 2016
Wed Jan 20 04:20:01 EST 2016
Wed Jan 20 04:40:01 EST 2016
Wed Jan 20 05:00:02 EST 2016
Wed Jan 20 05:20:01 EST 2016
Wed Jan 20 05:40:01 EST 2016
Wed Jan 20 06:00:01 EST 2016
Wed Jan 20 06:20:01 EST 2016
Wed Jan 20 06:40:01 EST 2016
Wed Jan 20 07:00:01 EST 2016
Wed Jan 20 07:20:01 EST 2016
Wed Jan 20 07:40:01 EST 2016
Wed Jan 20 08:00:01 EST 2016
Wed Jan 20 08:20:01 EST 2016
Wed Jan 20 08:40:01 EST 2016
Wed Jan 20 09:00:01 EST 2016
Wed Jan 20 09:20:01 EST 2016
Wed Jan 20 09:40:01 EST 2016
Wed Jan 20 10:00:01 EST 2016
Wed Jan 20 10:20:01 EST 2016
Wed Jan 20 10:40:01 EST 2016
Wed Jan 20 11:00:01 EST 2016
Wed Jan 20 11:20:01 EST 2016
Wed Jan 20 11:40:01 EST 2016
Wed Jan 20 12:00:01 EST 2016
Wed Jan 20 12:20:01 EST 2016
Wed Jan 20 12:40:01 EST 2016
Wed Jan 20 13:00:01 EST 2016
Wed Jan 20 13:20:01 EST 2016
Wed Jan 20 13:40:01 EST 2016
Wed Jan 20 14:00:01 EST 2016
Wed Jan 20 14:20:01 EST 2016
Wed Jan 20 14:40:01 EST 2016
Wed Jan 20 15:00:01 EST 2016
Wed Jan 20 15:20:01 EST 2016
Wed Jan 20 15:40:01 EST 2016
Wed Jan 20 16:00:01 EST 2016
Wed Jan 20 16:20:01 EST 2016
Wed Jan 20 16:40:01 EST 2016
Wed Jan 20 17:00:01 EST 2016
Wed Jan 20 17:20:01 EST 2016
Wed Jan 20 17:40:01 EST 2016
Wed Jan 20 18:00:01 EST 2016
Wed Jan 20 18:20:01 EST 2016
Wed Jan 20 18:40:01 EST 2016
Wed Jan 20 19:00:01 EST 2016
Wed Jan 20 19:20:01 EST 2016
Wed Jan 20 19:40:01 EST 2016
Wed Jan 20 20:00:01 EST 2016
Wed Jan 20 20:20:01 EST 2016
Wed Jan 20 20:40:01 EST 2016
Wed Jan 20 21:00:01 EST 2016
Wed Jan 20 21:20:01 EST 2016
Wed Jan 20 21:40:01 EST 2016
Wed Jan 20 22:00:01 EST 2016
Wed Jan 20 22:20:01 EST 2016
Wed Jan 20 22:40:01 EST 2016
Wed Jan 20 23:00:01 EST 2016
Wed Jan 20 23:20:01 EST 2016
Wed Jan 20 23:40:01 EST 2016
Thu Jan 21 00:00:01 EST 2016
Thu Jan 21 00:20:01 EST 2016
Thu Jan 21 00:40:01 EST 2016
Thu Jan 21 01:00:01 EST 2016
Thu Jan 21 01:20:01 EST 2016
Thu Jan 21 01:40:01 EST 2016
Thu Jan 21 02:00:01 EST 2016
Thu Jan 21 02:20:01 EST 2016
Thu Jan 21 02:40:01 EST 2016
Thu Jan 21 03:00:01 EST 2016
Thu Jan 21 03:20:01 EST 2016
Thu Jan 21 03:40:01 EST 2016
Thu Jan 21 04:00:01 EST 2016
Thu Jan 21 04:20:01 EST 2016
Thu Jan 21 04:40:01 EST 2016
Thu Jan 21 05:00:01 EST 2016
Thu Jan 21 05:20:01 EST 2016
Thu Jan 21 05:40:01 EST 2016
Thu Jan 21 06:00:01 EST 2016
Thu Jan 21 06:20:01 EST 2016
Thu Jan 21 06:40:01 EST 2016
Thu Jan 21 07:00:01 EST 2016
Thu Jan 21 07:20:01 EST 2016
Thu Jan 21 07:40:01 EST 2016
Thu Jan 21 08:00:01 EST 2016
Thu Jan 21 08:20:01 EST 2016
Thu Jan 21 08:40:01 EST 2016
Thu Jan 21 09:00:01 EST 2016
Thu Jan 21 09:20:01 EST 2016
Thu Jan 21 09:40:01 EST 2016
Thu Jan 21 10:00:01 EST 2016
Thu Jan 21 10:20:01 EST 2016
Thu Jan 21 10:40:01 EST 2016
Thu Jan 21 11:00:01 EST 2016
Thu Jan 21 11:20:01 EST 2016
Thu Jan 21 11:40:01 EST 2016
Thu Jan 21 12:00:01 EST 2016
Thu Jan 21 12:20:01 EST 2016
Thu Jan 21 12:40:01 EST 2016
Thu Jan 21 13:00:01 EST 2016
Thu Jan 21 13:20:01 EST 2016
Thu Jan 21 13:40:01 EST 2016
Thu Jan 21 14:00:01 EST 2016
Thu Jan 21 14:20:01 EST 2016
Thu Jan 21 14:40:01 EST 2016
Thu Jan 21 15:00:01 EST 2016
Thu Jan 21 15:20:01 EST 2016
Thu Jan 21 15:40:01 EST 2016
Thu Jan 21 16:00:01 EST 2016
Thu Jan 21 16:20:01 EST 2016
Thu Jan 21 16:40:01 EST 2016
Thu Jan 21 17:00:01 EST 2016
Thu Jan 21 17:20:01 EST 2016
Thu Jan 21 17:40:01 EST 2016
Thu Jan 21 18:00:01 EST 2016
Thu Jan 21 18:20:01 EST 2016
Thu Jan 21 18:40:01 EST 2016
Thu Jan 21 19:00:01 EST 2016
Thu Jan 21 19:20:01 EST 2016
Thu Jan 21 19:40:01 EST 2016
Thu Jan 21 20:00:01 EST 2016
Thu Jan 21 20:20:01 EST 2016
Thu Jan 21 20:40:01 EST 2016
Thu Jan 21 21:00:01 EST 2016
Thu Jan 21 21:20:01 EST 2016
Thu Jan 21 21:40:01 EST 2016
Thu Jan 21 22:00:01 EST 2016
Thu Jan 21 22:20:01 EST 2016
Thu Jan 21 22:40:01 EST 2016
Thu Jan 21 23:00:01 EST 2016
Thu Jan 21 23:20:01 EST 2016
Thu Jan 21 23:40:01 EST 2016
Fri Jan 22 00:00:01 EST 2016
Fri Jan 22 00:20:01 EST 2016
Fri Jan 22 00:40:01 EST 2016
Fri Jan 22 01:00:01 EST 2016
Fri Jan 22 01:20:01 EST 2016
Fri Jan 22 01:40:01 EST 2016
Fri Jan 22 02:00:01 EST 2016
Fri Jan 22 02:20:01 EST 2016
Fri Jan 22 02:40:01 EST 2016
Fri Jan 22 03:00:01 EST 2016
Fri Jan 22 03:20:01 EST 2016
Fri Jan 22 03:40:01 EST 2016
Fri Jan 22 04:00:01 EST 2016
Fri Jan 22 04:20:01 EST 2016
Fri Jan 22 04:40:01 EST 2016
Fri Jan 22 05:00:01 EST 2016
Fri Jan 22 05:20:01 EST 2016
Fri Jan 22 05:40:01 EST 2016
Fri Jan 22 06:00:01 EST 2016
Fri Jan 22 06:20:01 EST 2016
Fri Jan 22 06:40:01 EST 2016
Fri Jan 22 07:00:01 EST 2016
Fri Jan 22 07:20:01 EST 2016
Fri Jan 22 07:40:01 EST 2016
Fri Jan 22 08:00:01 EST 2016
Fri Jan 22 08:20:01 EST 2016
Fri Jan 22 08:40:01 EST 2016
Fri Jan 22 09:00:01 EST 2016
Fri Jan 22 09:20:01 EST 2016
Fri Jan 22 09:40:01 EST 2016
Fri Jan 22 10:00:01 EST 2016
Fri Jan 22 10:20:01 EST 2016
Fri Jan 22 10:40:01 EST 2016
Fri Jan 22 11:00:01 EST 2016
Fri Jan 22 11:20:01 EST 2016
Fri Jan 22 11:40:01 EST 2016
Fri Jan 22 12:00:01 EST 2016
Fri Jan 22 12:20:01 EST 2016
Fri Jan 22 12:40:01 EST 2016
Fri Jan 22 13:00:01 EST 2016
Fri Jan 22 13:20:01 EST 2016
Fri Jan 22 13:40:01 EST 2016
Fri Jan 22 14:00:01 EST 2016
Fri Jan 22 14:20:01 EST 2016
Fri Jan 22 14:40:01 EST 2016
Fri Jan 22 15:00:01 EST 2016
Fri Jan 22 15:20:01 EST 2016
Fri Jan 22 15:40:01 EST 2016
Fri Jan 22 16:00:01 EST 2016
Fri Jan 22 16:20:01 EST 2016
Fri Jan 22 16:40:01 EST 2016
Fri Jan 22 17:00:01 EST 2016
Fri Jan 22 17:20:01 EST 2016
Fri Jan 22 17:40:01 EST 2016
Fri Jan 22 18:00:01 EST 2016
Fri Jan 22 18:20:01 EST 2016
Fri Jan 22 18:40:01 EST 2016
Fri Jan 22 19:00:01 EST 2016
Fri Jan 22 19:20:01 EST 2016
Fri Jan 22 19:40:01 EST 2016
Fri Jan 22 20:00:01 EST 2016
Fri Jan 22 20:20:01 EST 2016
Fri Jan 22 20:40:01 EST 2016
Fri Jan 22 21:00:01 EST 2016
Fri Jan 22 21:20:01 EST 2016
Fri Jan 22 21:40:01 EST 2016
Fri Jan 22 22:00:01 EST 2016
Fri Jan 22 22:20:01 EST 2016
Fri Jan 22 22:40:01 EST 2016
Fri Jan 22 23:00:01 EST 2016
Fri Jan 22 23:20:01 EST 2016
Fri Jan 22 23:40:01 EST 2016
Sat Jan 23 00:00:01 EST 2016
Sat Jan 23 00:20:01 EST 2016
Sat Jan 23 00:40:01 EST 2016
Sat Jan 23 01:00:01 EST 2016
Sat Jan 23 01:20:01 EST 2016
Sat Jan 23 01:40:01 EST 2016
Sat Jan 23 02:00:01 EST 2016
Sat Jan 23 02:20:01 EST 2016
Sat Jan 23 02:40:01 EST 2016
Sat Jan 23 03:00:01 EST 2016
Sat Jan 23 03:20:01 EST 2016
Sat Jan 23 03:40:01 EST 2016
Sat Jan 23 04:00:01 EST 2016
Sat Jan 23 04:20:01 EST 2016
Sat Jan 23 04:40:01 EST 2016
Sat Jan 23 05:00:01 EST 2016
Sat Jan 23 05:20:01 EST 2016
Sat Jan 23 05:40:01 EST 2016
Sat Jan 23 06:00:01 EST 2016
Sat Jan 23 06:20:01 EST 2016
Sat Jan 23 06:40:01 EST 2016
Sat Jan 23 07:00:01 EST 2016
Sat Jan 23 07:20:01 EST 2016
Sat Jan 23 07:40:01 EST 2016
Sat Jan 23 08:00:01 EST 2016
Sat Jan 23 08:20:01 EST 2016
Sat Jan 23 08:40:01 EST 2016
Sat Jan 23 09:00:01 EST 2016
Sat Jan 23 09:20:01 EST 2016
Sat Jan 23 09:40:01 EST 2016
Sat Jan 23 10:00:01 EST 2016
Sat Jan 23 10:20:01 EST 2016
Sat Jan 23 10:40:01 EST 2016
Sat Jan 23 11:00:01 EST 2016
Sat Jan 23 11:20:01 EST 2016
Sat Jan 23 11:40:01 EST 2016
Sat Jan 23 12:00:01 EST 2016
Sat Jan 23 12:20:01 EST 2016
Sat Jan 23 12:40:01 EST 2016
Sat Jan 23 13:00:01 EST 2016
Sat Jan 23 13:20:01 EST 2016
Sat Jan 23 13:40:01 EST 2016
Sat Jan 23 14:00:01 EST 2016
Sat Jan 23 14:20:01 EST 2016
Sat Jan 23 14:40:01 EST 2016
Sat Jan 23 15:00:01 EST 2016
Sat Jan 23 15:20:01 EST 2016
Sat Jan 23 15:40:01 EST 2016
Sat Jan 23 16:00:01 EST 2016
Sat Jan 23 16:20:01 EST 2016
Sat Jan 23 16:40:01 EST 2016
Sat Jan 23 17:00:01 EST 2016
Sat Jan 23 17:20:01 EST 2016
Sat Jan 23 17:40:01 EST 2016
Sat Jan 23 18:00:01 EST 2016
Sat Jan 23 18:20:01 EST 2016
Sat Jan 23 18:40:01 EST 2016
Sat Jan 23 19:00:01 EST 2016
Sat Jan 23 19:20:01 EST 2016
Sat Jan 23 19:40:01 EST 2016
Sat Jan 23 20:00:01 EST 2016
Sat Jan 23 20:20:01 EST 2016
Sat Jan 23 20:40:01 EST 2016
Sat Jan 23 21:00:01 EST 2016
Sat Jan 23 21:20:01 EST 2016
Sat Jan 23 21:40:01 EST 2016
Sat Jan 23 22:00:01 EST 2016
Sat Jan 23 22:20:01 EST 2016
Sat Jan 23 22:40:01 EST 2016
Sat Jan 23 23:00:01 EST 2016
Sat Jan 23 23:20:01 EST 2016
Sat Jan 23 23:40:01 EST 2016
Sun Jan 24 00:00:01 EST 2016
Sun Jan 24 00:20:02 EST 2016
Sun Jan 24 00:40:01 EST 2016
Sun Jan 24 01:00:01 EST 2016
Sun Jan 24 01:20:01 EST 2016
Sun Jan 24 01:40:01 EST 2016
Sun Jan 24 02:00:01 EST 2016
Sun Jan 24 02:20:01 EST 2016
Sun Jan 24 02:40:01 EST 2016
Sun Jan 24 03:00:01 EST 2016
Sun Jan 24 03:20:01 EST 2016
Sun Jan 24 03:40:01 EST 2016
Sun Jan 24 04:00:01 EST 2016
Sun Jan 24 04:20:01 EST 2016
Sun Jan 24 04:40:01 EST 2016
Sun Jan 24 05:00:01 EST 2016
Sun Jan 24 05:20:01 EST 2016
Sun Jan 24 05:40:01 EST 2016
Sun Jan 24 06:00:01 EST 2016
Sun Jan 24 06:20:01 EST 2016
Sun Jan 24 06:40:01 EST 2016
Sun Jan 24 07:00:01 EST 2016
Sun Jan 24 07:20:01 EST 2016
Sun Jan 24 07:40:01 EST 2016
Sun Jan 24 08:00:01 EST 2016
Sun Jan 24 08:20:01 EST 2016
Sun Jan 24 08:40:01 EST 2016
Sun Jan 24 09:00:01 EST 2016
Sun Jan 24 09:20:01 EST 2016
Sun Jan 24 09:40:01 EST 2016
Sun Jan 24 10:00:01 EST 2016
Sun Jan 24 10:20:01 EST 2016
Sun Jan 24 10:40:01 EST 2016
Sun Jan 24 11:00:01 EST 2016
Sun Jan 24 11:20:01 EST 2016
Sun Jan 24 11:40:01 EST 2016
Sun Jan 24 12:00:01 EST 2016
Sun Jan 24 12:20:01 EST 2016
Sun Jan 24 12:40:01 EST 2016
Sun Jan 24 13:00:01 EST 2016
Sun Jan 24 13:20:01 EST 2016
Sun Jan 24 13:40:01 EST 2016
Sun Jan 24 14:00:01 EST 2016
Sun Jan 24 14:20:01 EST 2016
Sun Jan 24 14:40:01 EST 2016
Sun Jan 24 15:00:01 EST 2016
Sun Jan 24 15:20:01 EST 2016
Sun Jan 24 15:40:01 EST 2016
Sun Jan 24 16:00:01 EST 2016
Sun Jan 24 16:20:01 EST 2016
Sun Jan 24 16:40:01 EST 2016
Sun Jan 24 17:00:01 EST 2016
Sun Jan 24 17:20:01 EST 2016
Sun Jan 24 17:40:01 EST 2016
Sun Jan 24 18:00:01 EST 2016
Sun Jan 24 18:20:01 EST 2016
Sun Jan 24 18:40:01 EST 2016
Sun Jan 24 19:00:01 EST 2016
Sun Jan 24 19:20:01 EST 2016
Sun Jan 24 19:40:01 EST 2016
Sun Jan 24 20:00:01 EST 2016
Sun Jan 24 20:20:01 EST 2016
Sun Jan 24 20:40:01 EST 2016
Sun Jan 24 21:00:01 EST 2016
Sun Jan 24 21:20:01 EST 2016
Sun Jan 24 21:40:01 EST 2016
Sun Jan 24 22:00:01 EST 2016
Sun Jan 24 22:20:01 EST 2016
Sun Jan 24 22:40:01 EST 2016
Sun Jan 24 23:00:01 EST 2016
Sun Jan 24 23:20:01 EST 2016
Sun Jan 24 23:40:01 EST 2016
Mon Jan 25 00:00:01 EST 2016
Mon Jan 25 00:20:01 EST 2016
Mon Jan 25 00:40:01 EST 2016
Mon Jan 25 01:00:01 EST 2016
Mon Jan 25 01:20:01 EST 2016
Mon Jan 25 01:40:01 EST 2016
Mon Jan 25 02:00:01 EST 2016
Mon Jan 25 02:20:01 EST 2016
Mon Jan 25 02:40:01 EST 2016
Mon Jan 25 03:00:01 EST 2016
Mon Jan 25 03:20:01 EST 2016
Mon Jan 25 03:40:01 EST 2016
Mon Jan 25 04:00:01 EST 2016
Mon Jan 25 04:20:01 EST 2016
Mon Jan 25 04:40:01 EST 2016
Mon Jan 25 05:00:01 EST 2016
Mon Jan 25 05:20:01 EST 2016
Mon Jan 25 05:40:01 EST 2016
Mon Jan 25 06:00:01 EST 2016
Mon Jan 25 06:20:01 EST 2016
Mon Jan 25 06:40:01 EST 2016
Mon Jan 25 07:00:01 EST 2016
Mon Jan 25 07:20:01 EST 2016
Mon Jan 25 07:40:01 EST 2016
Mon Jan 25 08:00:01 EST 2016
Mon Jan 25 08:20:01 EST 2016
Mon Jan 25 08:40:01 EST 2016
Mon Jan 25 09:00:01 EST 2016
Mon Jan 25 09:20:01 EST 2016
Mon Jan 25 09:40:01 EST 2016
Mon Jan 25 10:00:01 EST 2016
Mon Jan 25 10:20:01 EST 2016
Mon Jan 25 10:40:01 EST 2016
Mon Jan 25 11:00:01 EST 2016
Mon Jan 25 11:20:01 EST 2016
Mon Jan 25 11:40:01 EST 2016
Mon Jan 25 12:00:01 EST 2016
Mon Jan 25 12:20:01 EST 2016
Mon Jan 25 12:40:01 EST 2016
Mon Jan 25 13:00:01 EST 2016
Mon Jan 25 13:20:01 EST 2016
Mon Jan 25 13:40:01 EST 2016
Mon Jan 25 14:00:01 EST 2016
Mon Jan 25 14:20:01 EST 2016
Mon Jan 25 14:40:02 EST 2016
Mon Jan 25 15:00:01 EST 2016
Mon Jan 25 15:20:01 EST 2016
Mon Jan 25 15:40:01 EST 2016
Mon Jan 25 16:00:01 EST 2016
Mon Jan 25 16:20:01 EST 2016
Mon Jan 25 16:40:01 EST 2016
Mon Jan 25 17:00:01 EST 2016
Mon Jan 25 17:20:01 EST 2016
Mon Jan 25 17:40:01 EST 2016
Mon Jan 25 18:00:01 EST 2016
Mon Jan 25 18:20:01 EST 2016
Mon Jan 25 18:40:01 EST 2016
Mon Jan 25 19:00:01 EST 2016
Mon Jan 25 19:20:01 EST 2016
Mon Jan 25 19:40:01 EST 2016
Mon Jan 25 20:00:01 EST 2016
Mon Jan 25 20:20:01 EST 2016
Mon Jan 25 20:40:01 EST 2016
Mon Jan 25 21:00:01 EST 2016
Mon Jan 25 21:20:01 EST 2016
Mon Jan 25 21:40:01 EST 2016
Mon Jan 25 22:00:01 EST 2016
Mon Jan 25 22:20:01 EST 2016
Mon Jan 25 22:40:01 EST 2016
Mon Jan 25 23:00:01 EST 2016
Mon Jan 25 23:20:01 EST 2016
Mon Jan 25 23:40:01 EST 2016
Tue Jan 26 00:00:01 EST 2016
Tue Jan 26 00:20:01 EST 2016
Tue Jan 26 00:40:02 EST 2016
Tue Jan 26 01:00:01 EST 2016
Tue Jan 26 01:20:01 EST 2016
Tue Jan 26 01:40:01 EST 2016
Tue Jan 26 02:00:01 EST 2016
Tue Jan 26 02:20:01 EST 2016
Tue Jan 26 02:40:01 EST 2016
Tue Jan 26 03:00:01 EST 2016
Tue Jan 26 03:20:01 EST 2016
Tue Jan 26 03:40:01 EST 2016
Tue Jan 26 04:00:01 EST 2016
Tue Jan 26 04:20:01 EST 2016
Tue Jan 26 04:40:01 EST 2016
Tue Jan 26 05:00:01 EST 2016
Tue Jan 26 05:20:01 EST 2016
Tue Jan 26 05:40:01 EST 2016
Tue Jan 26 06:00:01 EST 2016
Tue Jan 26 06:20:01 EST 2016
Tue Jan 26 06:40:01 EST 2016
Tue Jan 26 07:00:01 EST 2016
Tue Jan 26 07:20:01 EST 2016
Tue Jan 26 07:40:01 EST 2016
Tue Jan 26 08:00:01 EST 2016
Tue Jan 26 08:20:01 EST 2016
Tue Jan 26 08:40:01 EST 2016
Tue Jan 26 09:00:01 EST 2016
Tue Jan 26 09:20:01 EST 2016
Tue Jan 26 09:40:01 EST 2016
Tue Jan 26 10:00:01 EST 2016
Tue Jan 26 10:20:01 EST 2016
Tue Jan 26 10:40:01 EST 2016
Tue Jan 26 11:00:01 EST 2016
Tue Jan 26 11:20:01 EST 2016
Tue Jan 26 11:40:01 EST 2016
Tue Jan 26 12:00:01 EST 2016
Tue Jan 26 12:20:01 EST 2016
Tue Jan 26 12:40:01 EST 2016
Tue Jan 26 13:00:01 EST 2016
Tue Jan 26 13:20:01 EST 2016
Tue Jan 26 13:40:01 EST 2016
Tue Jan 26 14:00:01 EST 2016
Tue Jan 26 14:20:01 EST 2016
Tue Jan 26 14:40:01 EST 2016
Tue Jan 26 15:00:01 EST 2016
Tue Jan 26 15:20:01 EST 2016
Tue Jan 26 15:40:01 EST 2016
Tue Jan 26 16:00:01 EST 2016
Tue Jan 26 16:20:01 EST 2016
Tue Jan 26 16:40:01 EST 2016
Tue Jan 26 17:00:01 EST 2016
Tue Jan 26 17:20:01 EST 2016
Tue Jan 26 17:40:01 EST 2016
Tue Jan 26 18:00:01 EST 2016
Tue Jan 26 18:20:01 EST 2016
Tue Jan 26 18:40:01 EST 2016
Tue Jan 26 19:00:01 EST 2016
Tue Jan 26 19:20:01 EST 2016
Tue Jan 26 19:40:01 EST 2016
Tue Jan 26 20:00:01 EST 2016
Tue Jan 26 20:20:01 EST 2016
Tue Jan 26 20:40:01 EST 2016
Tue Jan 26 21:00:01 EST 2016
Tue Jan 26 21:20:01 EST 2016
Tue Jan 26 21:40:01 EST 2016
Tue Jan 26 22:00:01 EST 2016
Tue Jan 26 22:20:01 EST 2016
Tue Jan 26 22:40:01 EST 2016
Tue Jan 26 23:00:01 EST 2016
Tue Jan 26 23:20:01 EST 2016
Tue Jan 26 23:40:01 EST 2016
Wed Jan 27 00:00:01 EST 2016
Wed Jan 27 00:20:01 EST 2016
Wed Jan 27 00:40:01 EST 2016
Wed Jan 27 01:00:01 EST 2016
Wed Jan 27 01:20:01 EST 2016
Wed Jan 27 01:40:01 EST 2016
Wed Jan 27 02:00:01 EST 2016
Wed Jan 27 02:20:01 EST 2016
Wed Jan 27 02:40:01 EST 2016
Wed Jan 27 03:00:01 EST 2016
Wed Jan 27 03:20:01 EST 2016
Wed Jan 27 03:40:01 EST 2016
Wed Jan 27 04:00:01 EST 2016
Wed Jan 27 04:20:01 EST 2016
Wed Jan 27 04:40:01 EST 2016
Wed Jan 27 05:00:01 EST 2016
Wed Jan 27 05:20:01 EST 2016
Wed Jan 27 05:40:01 EST 2016
Wed Jan 27 06:00:01 EST 2016
Wed Jan 27 06:20:01 EST 2016
Wed Jan 27 06:40:01 EST 2016
Wed Jan 27 07:00:01 EST 2016
Wed Jan 27 07:20:01 EST 2016
Wed Jan 27 07:40:01 EST 2016
Wed Jan 27 08:00:01 EST 2016
Wed Jan 27 08:20:01 EST 2016
Wed Jan 27 08:40:01 EST 2016
Wed Jan 27 09:00:01 EST 2016
Wed Jan 27 09:20:01 EST 2016
Wed Jan 27 09:40:01 EST 2016
Wed Jan 27 10:00:01 EST 2016
Wed Jan 27 10:20:01 EST 2016
Wed Jan 27 10:40:01 EST 2016
Wed Jan 27 11:00:02 EST 2016
Wed Jan 27 11:20:01 EST 2016
Wed Jan 27 11:40:01 EST 2016
Wed Jan 27 12:00:01 EST 2016
Wed Jan 27 12:20:01 EST 2016
Wed Jan 27 12:40:01 EST 2016
Wed Jan 27 13:00:01 EST 2016
Wed Jan 27 13:20:01 EST 2016
Wed Jan 27 13:40:01 EST 2016
Wed Jan 27 14:00:01 EST 2016
Wed Jan 27 14:20:01 EST 2016
Wed Jan 27 14:40:01 EST 2016
Wed Jan 27 15:00:01 EST 2016
Wed Jan 27 15:20:01 EST 2016
Wed Jan 27 15:40:01 EST 2016
Wed Jan 27 16:00:01 EST 2016
Wed Jan 27 16:20:01 EST 2016
Wed Jan 27 16:40:01 EST 2016
Wed Jan 27 17:00:01 EST 2016
Wed Jan 27 17:20:01 EST 2016
Wed Jan 27 17:40:01 EST 2016
Wed Jan 27 18:00:01 EST 2016
Wed Jan 27 18:20:01 EST 2016
Wed Jan 27 18:40:01 EST 2016
Wed Jan 27 19:00:01 EST 2016
Wed Jan 27 19:20:01 EST 2016
Wed Jan 27 19:40:01 EST 2016
Wed Jan 27 20:00:01 EST 2016
Wed Jan 27 20:20:01 EST 2016
Wed Jan 27 20:40:01 EST 2016
Wed Jan 27 21:00:01 EST 2016
Wed Jan 27 21:20:01 EST 2016
Wed Jan 27 21:40:01 EST 2016
Wed Jan 27 22:00:01 EST 2016
Wed Jan 27 22:20:01 EST 2016
Wed Jan 27 22:40:01 EST 2016
Wed Jan 27 23:00:01 EST 2016
Wed Jan 27 23:20:01 EST 2016
Wed Jan 27 23:40:01 EST 2016
Thu Jan 28 00:00:01 EST 2016
Thu Jan 28 00:20:01 EST 2016
Thu Jan 28 00:40:01 EST 2016
Thu Jan 28 01:00:01 EST 2016
Thu Jan 28 01:20:01 EST 2016
Thu Jan 28 01:40:01 EST 2016
Thu Jan 28 02:00:01 EST 2016
Thu Jan 28 02:20:01 EST 2016
Thu Jan 28 02:40:01 EST 2016
Thu Jan 28 03:00:01 EST 2016
Thu Jan 28 03:20:01 EST 2016
Thu Jan 28 03:40:01 EST 2016
Thu Jan 28 04:00:01 EST 2016
Thu Jan 28 04:20:01 EST 2016
Thu Jan 28 04:40:01 EST 2016
Thu Jan 28 05:00:01 EST 2016
Thu Jan 28 05:20:01 EST 2016
Thu Jan 28 05:40:01 EST 2016
Thu Jan 28 06:00:01 EST 2016
Thu Jan 28 06:20:01 EST 2016
Thu Jan 28 06:40:01 EST 2016
Thu Jan 28 07:00:01 EST 2016
Thu Jan 28 07:20:01 EST 2016
Thu Jan 28 07:40:01 EST 2016
Thu Jan 28 08:00:01 EST 2016
Thu Jan 28 08:20:01 EST 2016
Thu Jan 28 08:40:01 EST 2016
Thu Jan 28 09:00:01 EST 2016
Thu Jan 28 09:20:01 EST 2016
Thu Jan 28 09:40:01 EST 2016
Thu Jan 28 10:00:01 EST 2016
Thu Jan 28 10:20:01 EST 2016
Thu Jan 28 10:40:01 EST 2016
Thu Jan 28 11:00:01 EST 2016
Thu Jan 28 11:20:01 EST 2016
Thu Jan 28 11:40:01 EST 2016
Thu Jan 28 12:00:01 EST 2016
Thu Jan 28 12:20:01 EST 2016
Thu Jan 28 12:40:01 EST 2016
Thu Jan 28 13:00:01 EST 2016
Thu Jan 28 13:20:01 EST 2016
Thu Jan 28 13:40:01 EST 2016
Thu Jan 28 14:00:01 EST 2016
Thu Jan 28 14:20:01 EST 2016
Thu Jan 28 14:40:01 EST 2016
Thu Jan 28 15:00:01 EST 2016
Thu Jan 28 15:20:01 EST 2016
Thu Jan 28 15:40:01 EST 2016
Thu Jan 28 16:00:01 EST 2016
Thu Jan 28 16:20:01 EST 2016
Thu Jan 28 16:40:01 EST 2016
Thu Jan 28 17:00:01 EST 2016
Thu Jan 28 17:20:02 EST 2016
Thu Jan 28 17:40:02 EST 2016
Thu Jan 28 18:00:01 EST 2016
Thu Jan 28 18:20:01 EST 2016
Thu Jan 28 18:40:01 EST 2016
Thu Jan 28 19:00:01 EST 2016
Thu Jan 28 19:20:01 EST 2016
Thu Jan 28 19:40:01 EST 2016
Thu Jan 28 20:00:01 EST 2016
Thu Jan 28 20:20:01 EST 2016
Thu Jan 28 20:40:01 EST 2016
Thu Jan 28 21:00:01 EST 2016
Thu Jan 28 21:20:01 EST 2016
Thu Jan 28 21:40:01 EST 2016
Thu Jan 28 22:00:01 EST 2016
Thu Jan 28 22:20:01 EST 2016
Thu Jan 28 22:40:01 EST 2016
Thu Jan 28 23:00:01 EST 2016
Thu Jan 28 23:20:01 EST 2016
Thu Jan 28 23:40:01 EST 2016
Fri Jan 29 00:00:01 EST 2016
Fri Jan 29 00:20:01 EST 2016
Fri Jan 29 00:40:01 EST 2016
Fri Jan 29 01:00:01 EST 2016
Fri Jan 29 01:20:01 EST 2016
Fri Jan 29 01:40:01 EST 2016
Fri Jan 29 02:00:01 EST 2016
Fri Jan 29 02:20:01 EST 2016
Fri Jan 29 02:40:01 EST 2016
Fri Jan 29 03:00:01 EST 2016
Fri Jan 29 03:20:01 EST 2016
Fri Jan 29 03:40:01 EST 2016
Fri Jan 29 04:00:01 EST 2016
Fri Jan 29 04:20:01 EST 2016
Fri Jan 29 04:40:01 EST 2016
Fri Jan 29 05:00:01 EST 2016
Fri Jan 29 05:20:01 EST 2016
Fri Jan 29 05:40:01 EST 2016
Fri Jan 29 06:00:01 EST 2016
Fri Jan 29 06:20:01 EST 2016
Fri Jan 29 06:40:01 EST 2016
Fri Jan 29 07:00:01 EST 2016
Fri Jan 29 07:20:01 EST 2016
Fri Jan 29 07:40:01 EST 2016
Fri Jan 29 08:00:01 EST 2016
Fri Jan 29 08:20:01 EST 2016
Fri Jan 29 08:40:01 EST 2016
Fri Jan 29 09:00:01 EST 2016
Fri Jan 29 09:20:02 EST 2016
Fri Jan 29 09:40:01 EST 2016
Fri Jan 29 10:00:01 EST 2016
Fri Jan 29 10:20:01 EST 2016
Fri Jan 29 10:40:01 EST 2016
Fri Jan 29 11:00:01 EST 2016
Fri Jan 29 11:20:01 EST 2016
Fri Jan 29 11:40:01 EST 2016
Fri Jan 29 12:00:01 EST 2016
Fri Jan 29 12:20:01 EST 2016
Fri Jan 29 12:40:01 EST 2016
Fri Jan 29 13:00:01 EST 2016
Fri Jan 29 13:20:01 EST 2016
Fri Jan 29 13:40:01 EST 2016
Fri Jan 29 14:00:01 EST 2016
Fri Jan 29 14:20:01 EST 2016
Fri Jan 29 14:40:01 EST 2016
Fri Jan 29 15:00:01 EST 2016
Fri Jan 29 15:20:01 EST 2016
Fri Jan 29 15:40:01 EST 2016
Fri Jan 29 16:00:01 EST 2016
Fri Jan 29 16:20:01 EST 2016
Fri Jan 29 16:40:01 EST 2016
Fri Jan 29 17:00:01 EST 2016
Fri Jan 29 17:20:01 EST 2016
Fri Jan 29 17:40:01 EST 2016
Fri Jan 29 18:00:01 EST 2016
Fri Jan 29 18:20:01 EST 2016
Fri Jan 29 18:40:01 EST 2016
Fri Jan 29 19:00:01 EST 2016
Fri Jan 29 19:20:01 EST 2016
Fri Jan 29 19:40:01 EST 2016
Fri Jan 29 20:00:01 EST 2016
Fri Jan 29 20:20:01 EST 2016
Fri Jan 29 20:40:01 EST 2016
Fri Jan 29 21:00:01 EST 2016
Fri Jan 29 21:20:01 EST 2016
Fri Jan 29 21:40:01 EST 2016
Fri Jan 29 22:00:01 EST 2016
Fri Jan 29 22:20:01 EST 2016
Fri Jan 29 22:40:01 EST 2016
Fri Jan 29 23:00:01 EST 2016
Fri Jan 29 23:20:01 EST 2016
Fri Jan 29 23:40:01 EST 2016
Sat Jan 30 00:00:01 EST 2016
Sat Jan 30 00:20:01 EST 2016
Sat Jan 30 00:40:01 EST 2016
Sat Jan 30 01:00:01 EST 2016
Sat Jan 30 01:20:01 EST 2016
Sat Jan 30 01:40:01 EST 2016
Sat Jan 30 02:00:01 EST 2016
Sat Jan 30 02:20:01 EST 2016
Sat Jan 30 02:40:01 EST 2016
Sat Jan 30 03:00:01 EST 2016
Sat Jan 30 03:20:01 EST 2016
Sat Jan 30 03:40:01 EST 2016
Sat Jan 30 04:00:01 EST 2016
Sat Jan 30 04:20:01 EST 2016
Sat Jan 30 04:40:01 EST 2016
Sat Jan 30 05:00:01 EST 2016
Sat Jan 30 05:20:01 EST 2016
Sat Jan 30 05:40:01 EST 2016
Sat Jan 30 06:00:01 EST 2016
Sat Jan 30 06:20:01 EST 2016
Sat Jan 30 06:40:01 EST 2016
Sat Jan 30 07:00:01 EST 2016
Sat Jan 30 07:20:01 EST 2016
Sat Jan 30 07:40:01 EST 2016
Sat Jan 30 08:00:01 EST 2016
Sat Jan 30 08:20:01 EST 2016
Sat Jan 30 08:40:01 EST 2016
Sat Jan 30 09:00:01 EST 2016
Sat Jan 30 09:20:01 EST 2016
Sat Jan 30 09:40:01 EST 2016
Sat Jan 30 10:00:01 EST 2016
Sat Jan 30 10:20:01 EST 2016
Sat Jan 30 10:40:01 EST 2016
Sat Jan 30 11:00:01 EST 2016
Sat Jan 30 11:20:01 EST 2016
Sat Jan 30 11:40:01 EST 2016
Sat Jan 30 12:00:01 EST 2016
Sat Jan 30 12:20:01 EST 2016
Sat Jan 30 12:40:01 EST 2016
Sat Jan 30 13:00:01 EST 2016
Sat Jan 30 13:20:01 EST 2016
Sat Jan 30 13:40:01 EST 2016
Sat Jan 30 14:00:01 EST 2016
Sat Jan 30 14:20:01 EST 2016
Sat Jan 30 14:40:01 EST 2016
Sat Jan 30 15:00:01 EST 2016
Sat Jan 30 15:20:01 EST 2016
Sat Jan 30 15:40:01 EST 2016
Sat Jan 30 16:00:01 EST 2016
Sat Jan 30 16:20:01 EST 2016
Sat Jan 30 16:40:01 EST 2016
Sat Jan 30 17:00:01 EST 2016
Sat Jan 30 17:20:01 EST 2016
Sat Jan 30 17:40:01 EST 2016
Sat Jan 30 18:00:01 EST 2016
Sat Jan 30 18:20:01 EST 2016
Sat Jan 30 18:40:01 EST 2016
Sat Jan 30 19:00:01 EST 2016
Sat Jan 30 19:20:01 EST 2016
Sat Jan 30 19:40:01 EST 2016
Sat Jan 30 20:00:01 EST 2016
Sat Jan 30 20:20:01 EST 2016
Sat Jan 30 20:40:01 EST 2016
Sat Jan 30 21:00:01 EST 2016
Sat Jan 30 21:20:01 EST 2016
Sat Jan 30 21:40:01 EST 2016
Sat Jan 30 22:00:01 EST 2016
Sat Jan 30 22:20:01 EST 2016
Sat Jan 30 22:40:01 EST 2016
Sat Jan 30 23:00:01 EST 2016
Sat Jan 30 23:20:01 EST 2016
Sat Jan 30 23:40:01 EST 2016
Sun Jan 31 00:00:01 EST 2016
Sun Jan 31 00:20:01 EST 2016
Sun Jan 31 00:40:01 EST 2016
Sun Jan 31 01:00:01 EST 2016
Sun Jan 31 01:20:01 EST 2016
Sun Jan 31 01:40:01 EST 2016
Sun Jan 31 02:00:01 EST 2016
Sun Jan 31 02:20:01 EST 2016
Sun Jan 31 02:40:01 EST 2016
Sun Jan 31 03:00:01 EST 2016
Sun Jan 31 03:20:01 EST 2016
Sun Jan 31 03:40:01 EST 2016
Sun Jan 31 04:00:01 EST 2016
Sun Jan 31 04:20:01 EST 2016
Sun Jan 31 04:40:01 EST 2016
Sun Jan 31 05:00:01 EST 2016
Sun Jan 31 05:20:01 EST 2016
Sun Jan 31 05:40:01 EST 2016
Sun Jan 31 06:00:01 EST 2016
Sun Jan 31 06:20:01 EST 2016
Sun Jan 31 06:40:01 EST 2016
Sun Jan 31 07:00:01 EST 2016
Sun Jan 31 07:20:01 EST 2016
Sun Jan 31 07:40:01 EST 2016
Sun Jan 31 08:00:01 EST 2016
Sun Jan 31 08:20:01 EST 2016
Sun Jan 31 08:40:01 EST 2016
Sun Jan 31 09:00:01 EST 2016
Sun Jan 31 09:20:01 EST 2016
Sun Jan 31 09:40:01 EST 2016
Sun Jan 31 10:00:01 EST 2016
Sun Jan 31 10:20:01 EST 2016
Sun Jan 31 10:40:01 EST 2016
Sun Jan 31 11:00:01 EST 2016
Sun Jan 31 11:20:01 EST 2016
Sun Jan 31 11:40:01 EST 2016
Sun Jan 31 12:00:01 EST 2016
Sun Jan 31 12:20:01 EST 2016
Sun Jan 31 12:40:01 EST 2016
Sun Jan 31 13:00:01 EST 2016
Sun Jan 31 13:20:01 EST 2016
Sun Jan 31 13:40:01 EST 2016
Sun Jan 31 14:00:01 EST 2016
Sun Jan 31 14:20:01 EST 2016
Sun Jan 31 14:40:01 EST 2016
Sun Jan 31 15:00:02 EST 2016
Sun Jan 31 15:20:01 EST 2016
Sun Jan 31 15:40:01 EST 2016
Sun Jan 31 16:00:01 EST 2016
Sun Jan 31 16:20:01 EST 2016
Sun Jan 31 16:40:01 EST 2016
Sun Jan 31 17:00:01 EST 2016
Sun Jan 31 17:20:01 EST 2016
Sun Jan 31 17:40:01 EST 2016
Sun Jan 31 18:00:01 EST 2016
Sun Jan 31 18:20:01 EST 2016
Sun Jan 31 18:40:01 EST 2016
Sun Jan 31 19:00:01 EST 2016
Sun Jan 31 19:20:01 EST 2016
Sun Jan 31 19:40:01 EST 2016
Sun Jan 31 20:00:01 EST 2016
Sun Jan 31 20:20:01 EST 2016
Sun Jan 31 20:40:01 EST 2016
Sun Jan 31 21:00:01 EST 2016
Sun Jan 31 21:20:01 EST 2016
Sun Jan 31 21:40:01 EST 2016
Sun Jan 31 22:00:01 EST 2016
Sun Jan 31 22:20:01 EST 2016
Sun Jan 31 22:40:01 EST 2016
Sun Jan 31 23:00:01 EST 2016
Sun Jan 31 23:20:01 EST 2016
Sun Jan 31 23:40:01 EST 2016
Mon Feb 1 00:00:01 EST 2016
Mon Feb 1 00:20:01 EST 2016
Mon Feb 1 00:40:01 EST 2016
Mon Feb 1 01:00:02 EST 2016
Mon Feb 1 01:20:01 EST 2016
Mon Feb 1 01:40:01 EST 2016
Mon Feb 1 02:00:01 EST 2016
Mon Feb 1 02:20:01 EST 2016
Mon Feb 1 02:40:01 EST 2016
Mon Feb 1 03:00:01 EST 2016
Mon Feb 1 03:20:01 EST 2016
Mon Feb 1 03:40:01 EST 2016
Mon Feb 1 04:00:01 EST 2016
Mon Feb 1 04:20:01 EST 2016
Mon Feb 1 04:40:01 EST 2016
Mon Feb 1 05:00:01 EST 2016
Mon Feb 1 05:20:01 EST 2016
Mon Feb 1 05:40:01 EST 2016
Mon Feb 1 06:00:01 EST 2016
Mon Feb 1 06:20:01 EST 2016
Mon Feb 1 06:40:01 EST 2016
Mon Feb 1 07:00:01 EST 2016
Mon Feb 1 07:20:01 EST 2016
Mon Feb 1 07:40:01 EST 2016
Mon Feb 1 08:00:01 EST 2016
Mon Feb 1 08:20:01 EST 2016
Mon Feb 1 08:40:01 EST 2016
Mon Feb 1 09:00:01 EST 2016
Mon Feb 1 09:20:01 EST 2016
Mon Feb 1 09:40:01 EST 2016
Mon Feb 1 10:00:01 EST 2016
Mon Feb 1 10:20:01 EST 2016
Mon Feb 1 10:40:01 EST 2016
Mon Feb 1 11:00:01 EST 2016
Mon Feb 1 11:20:02 EST 2016
Mon Feb 1 11:40:01 EST 2016
Mon Feb 1 12:00:01 EST 2016
Mon Feb 1 12:20:01 EST 2016
Mon Feb 1 12:40:01 EST 2016
Mon Feb 1 13:00:01 EST 2016
Mon Feb 1 13:20:01 EST 2016
Mon Feb 1 13:40:01 EST 2016
Mon Feb 1 14:00:01 EST 2016
Mon Feb 1 14:20:01 EST 2016
Mon Feb 1 14:40:01 EST 2016
Mon Feb 1 15:00:01 EST 2016
Mon Feb 1 15:20:01 EST 2016
Mon Feb 1 15:40:01 EST 2016
Mon Feb 1 16:00:01 EST 2016
Mon Feb 1 16:20:01 EST 2016
Mon Feb 1 16:40:01 EST 2016
Mon Feb 1 17:00:01 EST 2016
Mon Feb 1 17:20:01 EST 2016
Mon Feb 1 17:40:01 EST 2016
Mon Feb 1 18:00:01 EST 2016
Mon Feb 1 18:20:01 EST 2016
Mon Feb 1 18:40:01 EST 2016
Mon Feb 1 19:00:01 EST 2016
Mon Feb 1 19:20:01 EST 2016
Mon Feb 1 19:40:01 EST 2016
Mon Feb 1 20:00:01 EST 2016
Mon Feb 1 20:20:01 EST 2016
Mon Feb 1 20:40:01 EST 2016
Mon Feb 1 21:00:01 EST 2016
Mon Feb 1 21:20:01 EST 2016
Mon Feb 1 21:40:01 EST 2016
Mon Feb 1 22:00:01 EST 2016
Mon Feb 1 22:20:01 EST 2016
Mon Feb 1 22:40:01 EST 2016
Mon Feb 1 23:00:01 EST 2016
Mon Feb 1 23:20:01 EST 2016
Mon Feb 1 23:40:01 EST 2016
Tue Feb 2 00:00:01 EST 2016
Tue Feb 2 00:20:01 EST 2016
Tue Feb 2 00:40:01 EST 2016
Tue Feb 2 01:00:01 EST 2016
Tue Feb 2 01:20:01 EST 2016
Tue Feb 2 01:40:01 EST 2016
Tue Feb 2 02:00:01 EST 2016
Tue Feb 2 02:20:01 EST 2016
Tue Feb 2 02:40:01 EST 2016
Tue Feb 2 03:00:01 EST 2016
Tue Feb 2 03:20:01 EST 2016
Tue Feb 2 03:40:01 EST 2016
Tue Feb 2 04:00:01 EST 2016
Tue Feb 2 04:20:01 EST 2016
Tue Feb 2 04:40:01 EST 2016
Tue Feb 2 05:00:01 EST 2016
Tue Feb 2 05:20:01 EST 2016
Tue Feb 2 05:40:01 EST 2016
Tue Feb 2 06:00:01 EST 2016
Tue Feb 2 06:20:01 EST 2016
Tue Feb 2 06:40:01 EST 2016
Tue Feb 2 07:00:01 EST 2016
Tue Feb 2 07:20:01 EST 2016
Tue Feb 2 07:40:01 EST 2016
Tue Feb 2 08:00:01 EST 2016
Tue Feb 2 08:20:01 EST 2016
Tue Feb 2 08:40:01 EST 2016
Tue Feb 2 09:00:01 EST 2016
Tue Feb 2 09:20:01 EST 2016
Tue Feb 2 09:40:01 EST 2016
Tue Feb 2 10:00:01 EST 2016
Tue Feb 2 10:20:01 EST 2016
Tue Feb 2 10:40:01 EST 2016
Tue Feb 2 11:00:01 EST 2016
Tue Feb 2 11:20:01 EST 2016
Tue Feb 2 11:40:01 EST 2016
Tue Feb 2 12:00:01 EST 2016
Tue Feb 2 12:20:01 EST 2016
Tue Feb 2 12:40:01 EST 2016
Tue Feb 2 13:00:01 EST 2016
Tue Feb 2 13:20:01 EST 2016
Tue Feb 2 13:40:01 EST 2016
Tue Feb 2 14:00:01 EST 2016
Tue Feb 2 14:20:01 EST 2016
Tue Feb 2 14:40:01 EST 2016
Tue Feb 2 15:00:01 EST 2016
Tue Feb 2 15:20:01 EST 2016
Tue Feb 2 15:40:01 EST 2016
Tue Feb 2 16:00:01 EST 2016
Tue Feb 2 16:20:01 EST 2016
Tue Feb 2 16:40:01 EST 2016
Tue Feb 2 17:00:01 EST 2016
Tue Feb 2 17:20:01 EST 2016
Tue Feb 2 17:40:01 EST 2016
Tue Feb 2 18:00:01 EST 2016
Tue Feb 2 18:20:01 EST 2016
Tue Feb 2 18:40:01 EST 2016
Tue Feb 2 19:00:01 EST 2016
Tue Feb 2 19:20:01 EST 2016
Tue Feb 2 19:40:01 EST 2016
Tue Feb 2 20:00:01 EST 2016
Tue Feb 2 20:20:01 EST 2016
Tue Feb 2 20:40:01 EST 2016
Tue Feb 2 21:00:01 EST 2016
Tue Feb 2 21:20:01 EST 2016
Tue Feb 2 21:40:01 EST 2016
Tue Feb 2 22:00:01 EST 2016
Tue Feb 2 22:20:01 EST 2016
Tue Feb 2 22:40:01 EST 2016
Tue Feb 2 23:00:01 EST 2016
Tue Feb 2 23:20:01 EST 2016
Tue Feb 2 23:40:01 EST 2016
Wed Feb 3 00:00:01 EST 2016
Wed Feb 3 00:20:01 EST 2016
Wed Feb 3 00:40:01 EST 2016
Wed Feb 3 01:00:01 EST 2016
Wed Feb 3 01:20:01 EST 2016
Wed Feb 3 01:40:01 EST 2016
Wed Feb 3 02:00:01 EST 2016
Wed Feb 3 02:20:01 EST 2016
Wed Feb 3 02:40:01 EST 2016
Wed Feb 3 03:00:01 EST 2016
Wed Feb 3 03:20:01 EST 2016
Wed Feb 3 03:40:01 EST 2016
Wed Feb 3 04:00:01 EST 2016
Wed Feb 3 04:20:01 EST 2016
Wed Feb 3 04:40:01 EST 2016
Wed Feb 3 05:00:01 EST 2016
Wed Feb 3 05:20:01 EST 2016
Wed Feb 3 05:40:01 EST 2016
Wed Feb 3 06:00:01 EST 2016
Wed Feb 3 06:20:01 EST 2016
Wed Feb 3 06:40:01 EST 2016
Wed Feb 3 07:00:01 EST 2016
Wed Feb 3 07:20:01 EST 2016
Wed Feb 3 07:40:01 EST 2016
Wed Feb 3 08:00:01 EST 2016
Wed Feb 3 08:20:01 EST 2016
Wed Feb 3 08:40:01 EST 2016
Wed Feb 3 09:00:01 EST 2016
Wed Feb 3 09:20:01 EST 2016
Wed Feb 3 09:40:01 EST 2016
Wed Feb 3 10:00:01 EST 2016
Wed Feb 3 10:20:01 EST 2016
Wed Feb 3 10:40:01 EST 2016
Wed Feb 3 11:00:01 EST 2016
Wed Feb 3 11:20:01 EST 2016
Wed Feb 3 11:40:01 EST 2016
Wed Feb 3 12:00:01 EST 2016
Wed Feb 3 12:20:01 EST 2016
Wed Feb 3 12:40:01 EST 2016
Wed Feb 3 13:00:01 EST 2016
Wed Feb 3 13:20:01 EST 2016
Wed Feb 3 13:40:01 EST 2016
Wed Feb 3 14:00:01 EST 2016
Wed Feb 3 14:40:01 EST 2016
Wed Feb 3 15:00:01 EST 2016
Wed Feb 3 15:20:01 EST 2016
